====== compile.log ======
sort.c: In function 'get_micros':
sort.c:9:5: warning: implicit declaration of function 'gettimeofday' [-Wimplicit-function-declaration]
     gettimeofday(&tv, NULL);
     ^~~~~~~~~~~~
make_numbers.c: In function 'get_micros':
make_numbers.c:9:5: warning: implicit declaration of function 'gettimeofday' [-Wimplicit-function-declaration]
     gettimeofday(&tv, NULL);
     ^~~~~~~~~~~~
====== test_public.log ======
>SPLIT<
>TEST=normal<

EXIT=0
>SPLIT<
>TEST=hi_lt_low<

EXIT=1
>SPLIT<
>TEST=too_hi<

EXIT=1
>SPLIT<
>TEST=too_low<

EXIT=1
>SPLIT<
>TEST=too_both<

EXIT=1
>SPLIT<
>TEST=randomness<
100
-67
-11
-44
19
40
-66
6
70
-50
-9
-17
42
-49
78
36
-65
5
48
82
13
-21
-77
-64
-67
-21
-34
22
-6
-11
-64
-31
70
70
11
-68
-78
-56
-54
62
42
28
-48
-60
97
-33
79
3
-14
14
74
44
8
-35
69
58
92
93
-41
-62
11
38
17
12
-37
23
-79
-93
4
82
49
32
-1
-93
56
-13
77
-45
-60
-31
-59
15
-93
-9
96
-17
-64
9
64
67
-89
35
-22
5
-95
97
90
-91
-17
-67
73
CHECK
100
94
15
11
0
67
92
23
68
-83
93
-5
-75
90
100
18
-25
-47
77
59
-32
-69
-14
-84
-74
-42
42
24
86
-18
85
-82
37
50
-90
89
33
-63
-2
22
-39
17
-94
-56
54
50
52
-27
-86
25
-71
-47
-93
-70
44
53
-18
83
60
80
79
-49
-78
-33
20
86
54
86
-96
40
18
27
11
62
62
-67
96
19
58
54
-74
-48
78
-34
54
-22
22
45
-36
-23
73
-86
20
35
18
-96
-49
-52
44
-15
69
>SPLIT<
>TEST=sort<
BEFORE=1643679468188088
TIME=246
AFTER=1643679468194284
1000
-997
-995
-993
-993
-989
-988
-980
-980
-977
-977
-975
-974
-974
-971
-966
-962
-955
-954
-951
-946
-943
-941
-941
-936
-935
-934
-929
-928
-927
-925
-921
-920
-919
-919
-918
-913
-913
-911
-908
-905
-902
-901
-899
-899
-898
-898
-898
-897
-896
-894
-894
-893
-891
-891
-891
-890
-887
-882
-879
-879
-878
-877
-873
-871
-871
-870
-869
-868
-866
-865
-864
-859
-859
-858
-855
-854
-852
-847
-845
-843
-840
-838
-838
-838
-837
-835
-832
-831
-831
-829
-828
-828
-828
-827
-826
-821
-820
-818
-818
-817
-817
-815
-808
-808
-807
-806
-804
-803
-800
-794
-794
-793
-790
-789
-784
-784
-782
-781
-779
-777
-768
-765
-765
-755
-754
-750
-749
-748
-745
-738
-737
-734
-733
-730
-729
-728
-727
-725
-721
-719
-717
-716
-715
-715
-714
-713
-713
-712
-706
-705
-699
-692
-691
-691
-686
-685
-683
-682
-674
-672
-664
-664
-660
-654
-654
-653
-651
-650
-650
-649
-649
-648
-646
-644
-642
-641
-641
-636
-636
-634
-631
-630
-629
-623
-621
-621
-617
-614
-608
-607
-606
-601
-601
-601
-596
-594
-594
-593
-591
-589
-588
-584
-582
-581
-581
-579
-579
-576
-574
-573
-572
-571
-570
-570
-564
-564
-564
-560
-560
-559
-559
-557
-557
-552
-549
-548
-545
-545
-543
-542
-541
-536
-536
-536
-531
-528
-524
-521
-520
-519
-516
-515
-515
-512
-512
-511
-511
-511
-509
-509
-508
-507
-507
-507
-504
-503
-502
-501
-501
-497
-493
-490
-490
-485
-484
-480
-477
-474
-466
-465
-463
-462
-461
-458
-455
-452
-446
-445
-441
-439
-438
-438
-433
-433
-428
-427
-427
-425
-424
-421
-417
-415
-414
-413
-409
-405
-401
-398
-396
-395
-390
-382
-381
-380
-379
-378
-377
-375
-375
-373
-371
-368
-366
-360
-356
-356
-355
-353
-352
-352
-352
-349
-347
-346
-344
-344
-336
-331
-330
-325
-319
-315
-314
-305
-305
-304
-294
-292
-291
-286
-285
-285
-277
-275
-274
-273
-272
-271
-271
-270
-270
-269
-269
-261
-261
-261
-260
-260
-254
-253
-252
-246
-244
-239
-238
-233
-231
-231
-231
-229
-225
-219
-218
-218
-213
-209
-207
-204
-200
-200
-199
-198
-196
-194
-194
-189
-188
-186
-183
-183
-183
-182
-179
-175
-174
-170
-170
-162
-161
-159
-158
-158
-151
-150
-147
-146
-146
-144
-143
-143
-142
-142
-142
-141
-141
-138
-138
-136
-135
-132
-129
-125
-121
-121
-121
-118
-116
-115
-115
-106
-105
-104
-99
-99
-98
-96
-94
-91
-91
-89
-86
-77
-75
-74
-73
-67
-63
-63
-62
-60
-59
-58
-57
-55
-48
-47
-45
-45
-44
-40
-39
-33
-29
-29
-26
-25
-25
-22
-21
-20
-17
-17
-17
-17
-12
-11
-10
-10
-9
-8
-8
-8
-7
-7
-5
-5
-4
-3
-3
-3
0
1
1
5
6
7
11
13
15
17
22
25
25
25
26
34
35
35
40
43
44
45
50
58
59
63
64
64
65
66
68
72
72
77
77
77
79
80
81
82
82
89
89
96
96
97
98
101
102
103
105
106
109
112
113
114
115
116
118
118
118
118
118
119
119
125
125
126
126
127
128
133
134
134
135
136
138
141
143
143
144
146
148
148
150
151
152
154
154
155
156
156
157
158
158
160
162
162
164
170
173
174
176
177
181
182
184
184
185
190
192
192
193
194
195
197
199
200
200
202
206
210
211
212
217
226
229
231
237
238
241
241
243
249
250
251
254
256
257
257
260
261
270
272
274
275
275
276
284
284
285
287
290
293
296
300
301
303
304
306
308
309
309
310
314
322
326
327
328
329
330
332
332
333
334
335
338
341
342
342
346
346
352
352
355
363
364
366
368
368
371
373
377
378
379
383
384
384
385
385
386
387
387
392
397
403
403
406
407
409
410
411
412
414
416
416
416
417
417
419
422
422
424
429
431
434
444
449
449
450
450
451
453
454
455
458
459
460
462
462
466
467
470
472
472
473
474
475
475
476
476
476
478
479
481
481
486
488
494
499
503
505
506
509
510
510
513
513
514
514
515
518
519
521
522
524
526
528
532
533
534
539
541
541
547
547
548
548
550
552
554
555
557
557
560
566
572
572
577
577
578
585
587
589
592
596
597
600
603
605
605
608
608
610
614
616
618
625
625
626
629
631
638
650
650
651
651
651
652
654
656
657
657
663
665
665
666
669
670
672
675
675
677
677
679
684
687
695
700
703
704
705
705
709
709
711
712
714
716
716
718
718
719
723
723
724
727
728
728
734
734
735
736
740
741
744
745
747
752
752
754
756
758
763
763
765
766
769
770
772
777
779
779
781
782
782
782
783
783
784
784
786
787
788
790
792
792
793
795
801
802
807
808
809
813
817
817
818
820
825
829
830
833
836
837
839
840
842
842
845
845
847
847
847
851
852
853
854
856
860
860
864
865
867
868
868
870
875
877
877
878
879
880
885
887
892
895
896
900
900
902
902
902
904
910
912
916
918
921
923
923
925
927
929
932
933
934
935
936
937
942
945
945
950
950
952
953
956
958
958
961
962
964
966
969
971
972
975
975
975
975
976
977
985
987
989
992
995
998
999
